[2026-02-23 22:48:56] [INFO] [__main__] [WEB] 服务将运行在: http://127.0.0.1:8000
[2026-02-23 22:48:56] [INFO] [__main__] [START] 后端服务启动中...
[2026-02-23 22:48:56] [INFO] [__main__] [OK] RustFS 可执行文件: D:\workspace\Uverse\backend\store\rustfs.exe
[2026-02-23 22:48:56] [INFO] [__main__] [OK] Models 目录: D:\workspace\Uverse\backend\models
[2026-02-23 22:48:56] [INFO] [__main__] [WAIT] 等待 PostgreSQL 在端口 15432 就绪...
[2026-02-23 22:48:56] [INFO] [__main__] [OK] PostgreSQL 已就绪 (端口 15432)
[2026-02-23 22:48:56] [INFO] [__main__] [WAIT] 等待 RustFS 在端口 9000 就绪...
[2026-02-23 22:48:56] [INFO] [__main__] [OK] RustFS 已就绪 (端口 9000)
[2026-02-23 22:48:56] [INFO] [__main__] [INIT] 初始化数据库连接...
[2026-02-23 22:48:56] [INFO] [__main__] [OK] 数据库表检查通过，共 1 个表
[2026-02-23 22:48:56] [INFO] [__main__] 存储桶已存在: uploads
[2026-02-23 22:48:56] [INFO] [__main__] 设置存储桶 uploads 访问策略为公开读取
[2026-02-23 22:48:56] [INFO] [__main__] 存储桶已存在: markdowns
[2026-02-23 22:48:56] [INFO] [__main__] 设置存储桶 markdowns 访问策略为公开读取
[2026-02-23 22:48:56] [INFO] [__main__] 存储桶已存在: images
[2026-02-23 22:48:56] [INFO] [__main__] 设置存储桶 images 访问策略为公开读取
[2026-02-23 22:48:56] [INFO] [__main__] [OK] RustFS 存储桶初始化完成
[2026-02-23 22:48:56] [INFO] [__main__] [WAIT] 预加载 MinerU 模块...
[2026-02-23 22:48:56] [INFO] [__main__] [OK] 后台初始化完成
[2026-02-23 22:48:56] [INFO] [__main__] [OK] MinerU 模块预加载完成
[2026-02-23 22:48:56] [INFO] [__main__] [DB Status API] use_embedded_pg=True
[2026-02-23 22:48:56] [INFO] [__main__] [DB Status API] 数据库连接正常
[2026-02-23 22:48:56] [INFO] [__main__] [Path Check API] 收到请求: dict_keys(['POSTGRES_DIR', 'STORE_DIR', 'MODELS_DIR'])
[2026-02-23 22:48:56] [INFO] [__main__] [Path Check] POSTGRES_DIR: 原始路径='D:\workspace\Uverse\backend\postgres', 解析后='D:\workspace\Uverse\backend\postgres'
[2026-02-23 22:48:56] [INFO] [__main__] [Path Check] POSTGRES_DIR: 检查 'D:\workspace\Uverse\backend\postgres\bin\psql.exe', 结果=True
[2026-02-23 22:48:56] [INFO] [__main__] [Path Check] STORE_DIR: 原始路径='D:\workspace\Uverse\backend\store', 解析后='D:\workspace\Uverse\backend\store'
[2026-02-23 22:48:56] [INFO] [__main__] [Path Check] STORE_DIR: 检查 'D:\workspace\Uverse\backend\store\rustfs.exe', 结果=True
[2026-02-23 22:48:56] [INFO] [__main__] [Path Check] MODELS_DIR: 原始路径='D:\workspace\Uverse\backend\models', 解析后='D:\workspace\Uverse\backend\models'
[2026-02-23 22:48:56] [INFO] [__main__] [Path Check] MODELS_DIR: 检查 'D:\workspace\Uverse\backend\models\OpenDataLab', 结果=True
[2026-02-23 22:48:56] [INFO] [__main__] [Path Check API] 完成，耗时: 0.001s, 结果: {'POSTGRES_DIR': True, 'STORE_DIR': True, 'MODELS_DIR': True}
